<?xml version="1.0" encoding="UTF-8"?>
<testsuite xmlns:xsi="http://www.w3.org/2001/XMLSchema-instance" xsi:schemaLocation="https://maven.apache.org/surefire/maven-surefire-plugin/xsd/surefire-test-report.xsd" name="zls.classroster.dao.ClassRosterDaoFileImplTest" time="0.036" tests="3" errors="0" skipped="0" failures="0">
  <properties>
[...]
</properties>
  <testcase name="testAddGetStudent" classname="zls.classroster.dao.ClassRosterDaoFileImplTest" time="0.026"/>
  <testcase name="testRemoveStudent" classname="zls.classroster.dao.ClassRosterDaoFileImplTest" time="0.005"/>
  <testcase name="testAddGetAllStudents" classname="zls.classroster.dao.ClassRosterDaoFileImplTest" time="0.003"/>
</testsuite>